<?xml version="1.0" encoding="UTF-8"?>
<!-- Generated by org.testng.reporters.JUnitXMLReporter -->
<testsuite ignored="0" hostname="Pavilion" failures="0" tests="6" name="Surefire test" time="0.109" errors="0" timestamp="12 May 2019 11:19:05 GMT">
  <testcase classname="UdemyMaven.AppiumTest" name="AndroidApp" time="0.016"/>
  <testcase classname="UdemyMaven.AppiumTest" name="IosApp" time="0.0"/>
  <testcase classname="UdemyMaven.RESTAPITest" name="DeleteTwitter" time="0.0"/>
  <testcase classname="UdemyMaven.RESTAPITest" name="PostJira" time="0.0"/>
  <testcase classname="UdemyMaven.SeleniumTest" name="BrowserAutomation" time="0.0"/>
  <testcase classname="UdemyMaven.SeleniumTest" name="ElementsUI" time="0.0"/>
</testsuite> <!-- Surefire test -->
