<?xml version="1.0" encoding="UTF-8"?>
<testng-results ignored="0" total="6" passed="6" failed="0" skipped="0">
  <reporter-output>
  </reporter-output>
  <suite started-at="2019-05-12T11:19:05Z" name="Surefire suite" finished-at="2019-05-12T11:19:05Z" duration-ms="109">
    <groups>
    </groups>
    <test started-at="2019-05-12T11:19:05Z" name="Surefire test" finished-at="2019-05-12T11:19:05Z" duration-ms="109">
      <class name="UdemyMaven.AppiumTest">
        <test-method signature="AndroidApp()[pri:0, instance:UdemyMaven.AppiumTest@24a35978]" started-at="2019-05-12T16:49:05Z" name="AndroidApp" finished-at="2019-05-12T16:49:05Z" duration-ms="16" status="PASS">
          <reporter-output>
          </reporter-output>
        </test-method> <!-- AndroidApp -->
        <test-method signature="IosApp()[pri:0, instance:UdemyMaven.AppiumTest@24a35978]" started-at="2019-05-12T16:49:05Z" name="IosApp" finished-at="2019-05-12T16:49:05Z" duration-ms="0" status="PASS">
          <reporter-output>
          </reporter-output>
        </test-method> <!-- IosApp -->
      </class> <!-- UdemyMaven.AppiumTest -->
      <class name="UdemyMaven.SeleniumTest">
        <test-method signature="BrowserAutomation()[pri:0, instance:UdemyMaven.SeleniumTest@27d415d9]" started-at="2019-05-12T16:49:05Z" name="BrowserAutomation" finished-at="2019-05-12T16:49:05Z" duration-ms="0" status="PASS">
          <reporter-output>
          </reporter-output>
        </test-method> <!-- BrowserAutomation -->
        <test-method signature="ElementsUI()[pri:0, instance:UdemyMaven.SeleniumTest@27d415d9]" started-at="2019-05-12T16:49:05Z" name="ElementsUI" finished-at="2019-05-12T16:49:05Z" duration-ms="0" status="PASS">
          <reporter-output>
          </reporter-output>
        </test-method> <!-- ElementsUI -->
      </class> <!-- UdemyMaven.SeleniumTest -->
      <class name="UdemyMaven.RESTAPITest">
        <test-method signature="DeleteTwitter()[pri:0, instance:UdemyMaven.RESTAPITest@fcd6521]" started-at="2019-05-12T16:49:05Z" name="DeleteTwitter" finished-at="2019-05-12T16:49:05Z" duration-ms="0" status="PASS">
          <reporter-output>
          </reporter-output>
        </test-method> <!-- DeleteTwitter -->
        <test-method signature="PostJira()[pri:0, instance:UdemyMaven.RESTAPITest@fcd6521]" started-at="2019-05-12T16:49:05Z" name="PostJira" finished-at="2019-05-12T16:49:05Z" duration-ms="0" status="PASS">
          <reporter-output>
          </reporter-output>
        </test-method> <!-- PostJira -->
      </class> <!-- UdemyMaven.RESTAPITest -->
    </test> <!-- Surefire test -->
  </suite> <!-- Surefire suite -->
</testng-results>
