<?xml version="1.0" encoding="UTF-8"?>
<testng-results ignored="0" total="2" passed="2" failed="0" skipped="0">
  <reporter-output>
  </reporter-output>
  <suite started-at="2019-05-12T12:23:24Z" name="Suite" finished-at="2019-05-12T12:23:24Z" duration-ms="62">
    <groups>
    </groups>
    <test started-at="2019-05-12T12:23:24Z" name="Test" finished-at="2019-05-12T12:23:24Z" duration-ms="62">
      <class name="UdemyMaven.AppiumTest">
        <test-method signature="AndroidApp()[pri:0, instance:UdemyMaven.AppiumTest@62bd765]" started-at="2019-05-12T17:53:24Z" name="AndroidApp" finished-at="2019-05-12T17:53:24Z" duration-ms="15" status="PASS">
          <reporter-output>
          </reporter-output>
        </test-method> <!-- AndroidApp -->
        <test-method signature="IosApp()[pri:0, instance:UdemyMaven.AppiumTest@62bd765]" started-at="2019-05-12T17:53:24Z" name="IosApp" finished-at="2019-05-12T17:53:24Z" duration-ms="0" status="PASS">
          <reporter-output>
          </reporter-output>
        </test-method> <!-- IosApp -->
      </class> <!-- UdemyMaven.AppiumTest -->
    </test> <!-- Test -->
  </suite> <!-- Suite -->
</testng-results>
